<?xml version="1.0" encoding="UTF-8"?>
<!-- Generated by org.testng.reporters.JUnitReportReporter -->
<testsuite hostname="DESKTOP-UFF7VOJ" name="scripts.GoogleAutosuggestions" tests="3" failures="0" timestamp="17 Feb 2021 16:03:18 GMT" time="12.882" errors="0">
  <testcase name="openUrl" time="8.921" classname="scripts.GoogleAutosuggestions"/>
  <testcase name="typeSachinTest" time="2.167" classname="scripts.GoogleAutosuggestions"/>
  <testcase name="printautosuggestions" time="1.794" classname="scripts.GoogleAutosuggestions"/>
</testsuite> <!-- scripts.GoogleAutosuggestions -->
