<?xml version="1.0" encoding="UTF-8"?>
<!-- Generated by org.testng.reporters.JUnitReportReporter -->
<testsuite hostname="DESKTOP-UFF7VOJ" name="webdrivertraining.DockerGrid" tests="1" failures="0" timestamp="21 Sep 2019 12:27:46 GMT" time="134.335" errors="0">
  <testcase name="f" time="134.335" classname="webdrivertraining.DockerGrid"/>
</testsuite> <!-- webdrivertraining.DockerGrid -->
