<?xml version="1.0" encoding="UTF-8"?>
<!-- Generated by org.testng.reporters.JUnitReportReporter -->
<testsuite hostname="DESKTOP-UFF7VOJ" name="com.practise.framework.ReadPdfFile" tests="1" failures="0" timestamp="19 Apr 2021 14:52:38 GMT" time="27.870" errors="0">
  <testcase name="readPDF" time="27.870" classname="com.practise.framework.ReadPdfFile"/>
</testsuite> <!-- com.practise.framework.ReadPdfFile -->
