<?xml version="1.0" encoding="UTF-8"?>
<!-- Generated by org.testng.reporters.JUnitReportReporter -->
<testsuite hostname="DESKTOP-UFF7VOJ" name="com.practise.framework.DemoTestGuru" tests="3" failures="0" timestamp="19 Apr 2021 15:06:40 GMT" time="67.866" errors="0">
  <testcase name="executeSessionTwo" time="18.913" classname="com.practise.framework.DemoTestGuru"/>
  <testcase name="executSessionOne" time="31.194" classname="com.practise.framework.DemoTestGuru"/>
  <testcase name="executSessionThree" time="17.759" classname="com.practise.framework.DemoTestGuru"/>
</testsuite> <!-- com.practise.framework.DemoTestGuru -->
