<?xml version="1.0" encoding="UTF-8"?>
<!-- Generated by org.testng.reporters.JUnitReportReporter -->
<testsuite hostname="DESKTOP-UFF7VOJ" name="scripts.WikipediaTest" tests="3" failures="0" timestamp="22 Jun 2019 13:40:04 GMT" time="12.037" errors="0">
  <testcase name="selectEnglishLink" time="2.739" classname="scripts.WikipediaTest"/>
  <testcase name="openBrowserTest" time="5.487" classname="scripts.WikipediaTest"/>
  <testcase name="openUrlTest" time="3.811" classname="scripts.WikipediaTest"/>
</testsuite> <!-- scripts.WikipediaTest -->
