<?xml version="1.0" encoding="UTF-8"?>
<!-- Generated by org.testng.reporters.JUnitReportReporter -->
<testsuite hostname="DESKTOP-UFF7VOJ" name="scripts.BuildCarApplicationTest" tests="1" failures="0" timestamp="23 Jun 2019 20:15:23 GMT" time="7.543" errors="0">
  <testcase name="testRadioButton" time="7.543" classname="scripts.BuildCarApplicationTest"/>
</testsuite> <!-- scripts.BuildCarApplicationTest -->
