<?xml version="1.0" encoding="UTF-8"?>
<!-- Generated by org.testng.reporters.JUnitReportReporter -->
<testsuite hostname="DESKTOP-UFF7VOJ" name="scripts.WebTable" tests="6" failures="0" timestamp="1 Jul 2019 17:56:00 GMT" time="2.981" errors="0">
  <testcase name="noofrows" time="0.108" classname="scripts.WebTable"/>
  <testcase name="printtablecontents" time="0.463" classname="scripts.WebTable"/>
  <testcase name="checkbrowsercheckbox" time="0.185" classname="scripts.WebTable"/>
  <testcase name="openURL" time="2.089" classname="scripts.WebTable"/>
  <testcase name="printemail" time="0.040" classname="scripts.WebTable"/>
  <testcase name="noofcolumns" time="0.096" classname="scripts.WebTable"/>
</testsuite> <!-- scripts.WebTable -->
