<?xml version="1.0" encoding="UTF-8"?>
<!-- Generated by org.testng.reporters.JUnitReportReporter -->
<testsuite hostname="DESKTOP-UFF7VOJ" name="scripts.Sortingdropdown" tests="1" failures="0" timestamp="16 Apr 2021 10:15:30 GMT" time="5.567" errors="0">
  <testcase name="testSortdropdown" time="5.567" classname="scripts.Sortingdropdown"/>
</testsuite> <!-- scripts.Sortingdropdown -->
