<?xml version="1.0" encoding="UTF-8"?>
<!-- Generated by org.testng.reporters.JUnitReportReporter -->
<testsuite hostname="DESKTOP-UFF7VOJ" name="scripts.WikipediaTest2" tests="4" failures="0" timestamp="30 Jun 2019 18:04:14 GMT" time="12.629" errors="0">
  <testcase name="searchBoxTest" time="0.740" classname="scripts.WikipediaTest2"/>
  <testcase name="selectEnglishLink" time="2.229" classname="scripts.WikipediaTest2"/>
  <testcase name="openUrlTest" time="3.875" classname="scripts.WikipediaTest2"/>
  <testcase name="searchbuttonTest" time="5.785" classname="scripts.WikipediaTest2"/>
</testsuite> <!-- scripts.WikipediaTest2 -->
