<?xml version="1.0" encoding="UTF-8"?>
<!-- Generated by org.testng.reporters.JUnitReportReporter -->
<testsuite hostname="DESKTOP-UFF7VOJ" name="scripts.DoubleClickAlertTest" tests="3" failures="0" timestamp="6 Jul 2019 18:40:04 GMT" time="6.398" errors="0">
  <testcase name="getUrl" time="5.807" classname="scripts.DoubleClickAlertTest"/>
  <testcase name="clickdoubleButton" time="0.441" classname="scripts.DoubleClickAlertTest"/>
  <testcase name="acceptAlert" time="0.150" classname="scripts.DoubleClickAlertTest"/>
</testsuite> <!-- scripts.DoubleClickAlertTest -->
