<?xml version="1.0" encoding="UTF-8"?>
<!-- Generated by org.testng.reporters.JUnitReportReporter -->
<testsuite hostname="DESKTOP-UFF7VOJ" name="scripts.TablePagination" tests="3" failures="0" timestamp="14 Jul 2019 10:39:06 GMT" time="13.029" errors="0">
  <testcase name="openUrl" time="2.337" classname="scripts.TablePagination"/>
  <testcase name="noofrows" time="0.474" classname="scripts.TablePagination"/>
  <testcase name="printpage1contents" time="10.218" classname="scripts.TablePagination"/>
</testsuite> <!-- scripts.TablePagination -->
