<?xml version="1.0" encoding="UTF-8"?>
<!-- Generated by org.testng.reporters.JUnitReportReporter -->
<testsuite hostname="DESKTOP-UFF7VOJ" name="com.qa.test.GetAPITest" tests="1" failures="0" timestamp="28 Jun 2019 18:11:19 GMT" time="3.071" errors="0">
  <testcase name="getAPITest" time="3.071" classname="com.qa.test.GetAPITest"/>
</testsuite> <!-- com.qa.test.GetAPITest -->
