<?xml version="1.0" encoding="UTF-8"?>
<!-- Generated by org.testng.reporters.JUnitReportReporter -->
<testsuite hostname="DESKTOP-UFF7VOJ" name="scripts.GoogleAutosuggestions" tests="3" failures="0" timestamp="5 Jul 2019 18:14:45 GMT" time="9.086" errors="0">
  <testcase name="printautosuggestions" time="2.011" classname="scripts.GoogleAutosuggestions"/>
  <testcase name="openUrl" time="6.462" classname="scripts.GoogleAutosuggestions"/>
  <testcase name="typeSachinTest" time="0.613" classname="scripts.GoogleAutosuggestions"/>
</testsuite> <!-- scripts.GoogleAutosuggestions -->
