<?xml version="1.0" encoding="UTF-8"?>
<!-- Generated by org.testng.reporters.JUnitReportReporter -->
<testsuite hostname="DESKTOP-UFF7VOJ" name="scripts.CookBookTest" tests="21" failures="0" timestamp="28 Jun 2019 19:07:20 GMT" time="16.416" errors="0">
  <testcase name="checkboxSizeTest" time="0.100" classname="scripts.CookBookTest"/>
  <testcase name="selectReddropdownTest" time="0.185" classname="scripts.CookBookTest"/>
  <testcase name="dropdownElementsSizeTest" time="0.252" classname="scripts.CookBookTest"/>
  <testcase name="selectAudiTest" time="0.217" classname="scripts.CookBookTest"/>
  <testcase name="selectLEDCheckboxTest" time="0.196" classname="scripts.CookBookTest"/>
  <testcase name="selectBMWTest" time="0.354" classname="scripts.CookBookTest"/>
  <testcase name="selectAirbagCheckboxTest" time="0.228" classname="scripts.CookBookTest"/>
  <testcase name="dropdownOptionsOrderTest" time="0.304" classname="scripts.CookBookTest"/>
  <testcase name="openUrlTest" time="3.848" classname="scripts.CookBookTest"/>
  <testcase name="selectHondaTest" time="0.353" classname="scripts.CookBookTest"/>
  <testcase name="selectPetrolbuttonTest" time="0.718" classname="scripts.CookBookTest"/>
  <testcase name="openBrowserTest" time="7.014" classname="scripts.CookBookTest"/>
  <testcase name="selectbrowndropdownTest" time="0.325" classname="scripts.CookBookTest"/>
  <testcase name="selectDieselbuttonTest" time="0.535" classname="scripts.CookBookTest"/>
  <testcase name="selectWhitedropdownTest" time="0.246" classname="scripts.CookBookTest"/>
  <testcase name="selectblackdropdownTest" time="0.229" classname="scripts.CookBookTest"/>
  <testcase name="selectSilverdropdownTest" time="0.200" classname="scripts.CookBookTest"/>
  <testcase name="selectMercedesTest" time="0.275" classname="scripts.CookBookTest"/>
  <testcase name="multidropdownSizeTest" time="0.096" classname="scripts.CookBookTest"/>
  <testcase name="selectABSCheckboxTest" time="0.464" classname="scripts.CookBookTest"/>
  <testcase name="selectPSCheckboxTest" time="0.277" classname="scripts.CookBookTest"/>
</testsuite> <!-- scripts.CookBookTest -->
