<?xml version="1.0" encoding="UTF-8"?>
<!-- Generated by org.testng.reporters.JUnitReportReporter -->
<testsuite hostname="DESKTOP-UFF7VOJ" name="scripts.WebTable" tests="6" failures="0" timestamp="14 Feb 2021 09:57:50 GMT" time="10.920" errors="0">
  <testcase name="checkbrowsercheckbox" time="0.351" classname="scripts.WebTable"/>
  <testcase name="printtablecontents" time="0.816" classname="scripts.WebTable"/>
  <testcase name="openURL" time="9.205" classname="scripts.WebTable"/>
  <testcase name="noofrows" time="0.375" classname="scripts.WebTable"/>
  <testcase name="noofcolumns" time="0.124" classname="scripts.WebTable"/>
  <testcase name="printemail" time="0.049" classname="scripts.WebTable"/>
</testsuite> <!-- scripts.WebTable -->
