<?xml version="1.0" encoding="UTF-8"?>
<!-- Generated by org.testng.reporters.JUnitReportReporter -->
<testsuite hostname="DESKTOP-UFF7VOJ" name="com.practise.framework.CSVLearning" tests="2" failures="0" timestamp="19 Apr 2021 14:52:37 GMT" time="0.017" errors="0">
  <testcase name="provide_username_password" time="0.014" classname="com.practise.framework.CSVLearning"/>
  <testcase name="provide_username_password" time="0.003" classname="com.practise.framework.CSVLearning"/>
</testsuite> <!-- com.practise.framework.CSVLearning -->
