<?xml version="1.0" encoding="UTF-8"?>
<!-- Generated by org.testng.reporters.JUnitReportReporter -->
<testsuite hostname="DESKTOP-UFF7VOJ" name="scripts.NewTest" tests="1" failures="0" timestamp="23 Jun 2019 20:15:23 GMT" time="0.003" errors="0">
  <testcase name="f" time="0.003" classname="scripts.NewTest"/>
</testsuite> <!-- scripts.NewTest -->
