<?xml version="1.0" encoding="UTF-8"?>
<!-- Generated by org.testng.reporters.JUnitReportReporter -->
<testsuite hostname="DESKTOP-UFF7VOJ" name="com.practise.framework.LamdaTestDownloadFile" tests="1" failures="0" timestamp="17 Apr 2021 18:09:47 GMT" time="10.504" errors="0">
  <testcase name="fileDownload" time="10.504" classname="com.practise.framework.LamdaTestDownloadFile"/>
</testsuite> <!-- com.practise.framework.LamdaTestDownloadFile -->
