<?xml version="1.0" encoding="UTF-8"?>
<!-- Generated by org.testng.reporters.JUnitReportReporter -->
<testsuite hostname="DESKTOP-UFF7VOJ" name="scripts.TablePagination" tests="3" failures="0" timestamp="17 Aug 2019 19:24:20 GMT" time="10.181" errors="0">
  <testcase name="openUrl" time="1.960" classname="scripts.TablePagination"/>
  <testcase name="printpage1contents" time="8.143" classname="scripts.TablePagination"/>
  <testcase name="noofrows" time="0.078" classname="scripts.TablePagination"/>
</testsuite> <!-- scripts.TablePagination -->
