<?xml version="1.0" encoding="UTF-8"?>
<!-- Generated by org.testng.reporters.JUnitReportReporter -->
<testsuite hostname="DESKTOP-UFF7VOJ" name="scripts.Googlehyperlinks" tests="1" failures="0" timestamp="16 Apr 2021 09:56:08 GMT" time="11.175" errors="0">
  <testcase name="hyperlinktest1" time="11.175" classname="scripts.Googlehyperlinks"/>
</testsuite> <!-- scripts.Googlehyperlinks -->
