<?xml version="1.0" encoding="UTF-8"?>
<!-- Generated by org.testng.reporters.JUnitReportReporter -->
<testsuite hostname="DESKTOP-UFF7VOJ" name="com.practise.framework.FileUploadAutoIt" tests="1" failures="0" timestamp="19 Apr 2021 14:52:38 GMT" time="45.645" errors="0">
  <testcase name="fillStudentForm" time="45.645" classname="com.practise.framework.FileUploadAutoIt"/>
</testsuite> <!-- com.practise.framework.FileUploadAutoIt -->
