<?xml version="1.0" encoding="UTF-8"?>
<!-- Generated by org.testng.reporters.JUnitReportReporter -->
<testsuite hostname="DESKTOP-UFF7VOJ" name="scripts.NestedFrames" tests="6" failures="0" timestamp="10 Jul 2019 19:04:33 GMT" time="10.572" errors="0">
  <testcase name="switchleftframe" time="0.536" classname="scripts.NestedFrames"/>
  <testcase name="switchRightframe" time="0.362" classname="scripts.NestedFrames"/>
  <testcase name="clickNestedFrames" time="1.954" classname="scripts.NestedFrames"/>
  <testcase name="switchtobottomframe" time="1.892" classname="scripts.NestedFrames"/>
  <testcase name="switchMiddleframe" time="0.176" classname="scripts.NestedFrames"/>
  <testcase name="getUrl" time="5.652" classname="scripts.NestedFrames"/>
</testsuite> <!-- scripts.NestedFrames -->
