<?xml version="1.0" encoding="UTF-8"?>
<!-- Generated by org.testng.reporters.JUnitReportReporter -->
<testsuite hostname="DESKTOP-UFF7VOJ" name="scripts.AnnaUniversity" tests="4" failures="0" timestamp="9 Jul 2019 17:21:15 GMT" time="4.496" errors="0">
  <testcase name="clickDepartments" time="1.104" classname="scripts.AnnaUniversity"/>
  <testcase name="getUrl" time="1.359" classname="scripts.AnnaUniversity"/>
  <testcase name="clickCoastalpollution" time="1.107" classname="scripts.AnnaUniversity"/>
  <testcase name="clickOceanManagement" time="0.926" classname="scripts.AnnaUniversity"/>
</testsuite> <!-- scripts.AnnaUniversity -->
