<?xml version="1.0" encoding="UTF-8"?>
<!-- Generated by org.testng.reporters.JUnitReportReporter -->
<testsuite hostname="DESKTOP-UFF7VOJ" name="scripts.GmailComposeMailTest" tests="11" failures="0" timestamp="6 Jul 2019 17:10:04 GMT" time="38.281" errors="0">
  <testcase name="nextUserButtonTest" time="0.488" classname="scripts.GmailComposeMailTest"/>
  <testcase name="enterpasswordTest" time="1.149" classname="scripts.GmailComposeMailTest"/>
  <testcase name="clickSendButtonTest" time="0.654" classname="scripts.GmailComposeMailTest"/>
  <testcase name="selectToTest" time="6.750" classname="scripts.GmailComposeMailTest"/>
  <testcase name="enterUsernameTest" time="0.481" classname="scripts.GmailComposeMailTest"/>
  <testcase name="clickFullScreenTest" time="15.848" classname="scripts.GmailComposeMailTest"/>
  <testcase name="selectBodyTest" time="1.316" classname="scripts.GmailComposeMailTest"/>
  <testcase name="nextPasswordButtonTest" time="0.275" classname="scripts.GmailComposeMailTest"/>
  <testcase name="clickCopmpseText" time="10.907" classname="scripts.GmailComposeMailTest"/>
  <testcase name="selectSubjectTest" time="0.392" classname="scripts.GmailComposeMailTest"/>
  <testcase name="loginPagetest" time="0.021" classname="scripts.GmailComposeMailTest"/>
</testsuite> <!-- scripts.GmailComposeMailTest -->
