<?xml version="1.0" encoding="UTF-8"?>
<!-- Generated by org.testng.reporters.JUnitReportReporter -->
<testsuite hostname="DESKTOP-UFF7VOJ" name="restAssured.Basics2" tests="1" failures="0" timestamp="11 Jul 2019 19:34:11 GMT" time="3.644" errors="0">
  <testcase name="createPlaceAPI" time="3.644" classname="restAssured.Basics2"/>
</testsuite> <!-- restAssured.Basics2 -->
