<?xml version="1.0" encoding="UTF-8"?>
<!-- Generated by org.testng.reporters.JUnitReportReporter -->
<testsuite hostname="DESKTOP-UFF7VOJ" name="com.practise.framework.CapsLetter" tests="1" failures="0" timestamp="28 Apr 2021 12:17:34 GMT" time="21.651" errors="0">
  <testcase name="getURL" time="21.651" classname="com.practise.framework.CapsLetter"/>
</testsuite> <!-- com.practise.framework.CapsLetter -->
