<?xml version="1.0" encoding="UTF-8"?>
<!-- Generated by org.testng.reporters.JUnitReportReporter -->
<testsuite hostname="DESKTOP-UFF7VOJ" name="scripts.BaseClassTest" tests="1" failures="0" timestamp="24 Jun 2019 14:59:45 GMT" time="0.003" errors="0">
  <testcase name="f" time="0.003" classname="scripts.BaseClassTest"/>
</testsuite> <!-- scripts.BaseClassTest -->
