<?xml version="1.0" encoding="UTF-8"?>
<!-- Generated by org.testng.reporters.JUnitReportReporter -->
<testsuite hostname="DESKTOP-UFF7VOJ" name="scripts.NestedFrames" tests="6" failures="0" timestamp="5 Mar 2021 11:12:37 GMT" time="8.713" errors="0">
  <testcase name="getUrl" time="6.666" classname="scripts.NestedFrames"/>
  <testcase name="switchleftframe" time="0.159" classname="scripts.NestedFrames"/>
  <testcase name="switchRightframe" time="0.100" classname="scripts.NestedFrames"/>
  <testcase name="clickNestedFrames" time="1.414" classname="scripts.NestedFrames"/>
  <testcase name="switchMiddleframe" time="0.081" classname="scripts.NestedFrames"/>
  <testcase name="switchtobottomframe" time="0.293" classname="scripts.NestedFrames"/>
</testsuite> <!-- scripts.NestedFrames -->
