<?xml version="1.0" encoding="UTF-8"?>
<!-- Generated by org.testng.reporters.JUnitReportReporter -->
<testsuite hostname="DESKTOP-UFF7VOJ" name="scripts.WikipediaTest3" tests="4" failures="0" timestamp="30 Jun 2019 18:04:14 GMT" time="10.791" errors="0">
  <testcase name="searchbuttonTest" time="6.617" classname="scripts.WikipediaTest3"/>
  <testcase name="selectDeutschLink" time="2.654" classname="scripts.WikipediaTest3"/>
  <testcase name="openUrlTest" time="0.811" classname="scripts.WikipediaTest3"/>
  <testcase name="searchBoxTest" time="0.709" classname="scripts.WikipediaTest3"/>
</testsuite> <!-- scripts.WikipediaTest3 -->
