<?xml version="1.0" encoding="UTF-8"?>
<!-- Generated by org.testng.reporters.JUnitReportReporter -->
<testsuite hostname="DESKTOP-UFF7VOJ" name="com.practise.framework.CSVLearning" tests="3" failures="0" timestamp="3 Aug 2019 06:50:29 GMT" time="0.140" errors="0">
  <testcase name="provide_username_password" time="0.068" classname="com.practise.framework.CSVLearning"/>
  <testcase name="provide_username_password" time="0.040" classname="com.practise.framework.CSVLearning"/>
  <testcase name="provide_username_password" time="0.032" classname="com.practise.framework.CSVLearning"/>
</testsuite> <!-- com.practise.framework.CSVLearning -->
